<?xml version="1.0" encoding="UTF-8"?>
<!-- Generated by org.testng.reporters.JUnitXMLReporter -->
<testsuite ignored="3" hostname="DESKTOP-8CVRHOU" failures="0" tests="3" name="Chrome_Test" time="0.131" errors="0" timestamp="2025-01-22T18:33:13 IST">
  <testcase classname="org.QAfoxprojectGenericUtility.BaseConfiguration" name="@BeforeClass browserSetup" time="0.003">
    <failure type="java.lang.Error" message="Unresolved compilation problems: 
	The import java.io.FileInputStream cannot be resolved
	FileInputStream cannot be resolved to a type
	FileInputStream cannot be resolved to a type
	FileInputStream cannot be resolved to a type
	FileInputStream cannot be resolved to a type
">
      <![CDATA[java.lang.Error: Unresolved compilation problems: 
The import java.io.FileInputStream cannot be resolved
FileInputStream cannot be resolved to a type
FileInputStream cannot be resolved to a type
FileInputStream cannot be resolved to a type
FileInputStream cannot be resolved to a type

at org.QAfoxprojectGenericUtility.ExcelFileLibrary.<init>(ExcelFileLibrary.java:4)
at org.QAfoxprojectGenericUtility.BaseConfiguration.initobjects(BaseConfiguration.java:188)
at org.QAfoxprojectGenericUtility.BaseConfiguration.browserSetup(BaseConfiguration.java:54)
at java.base/java.util.ArrayList.forEach(ArrayList.java:1597)
... Removed 23 stack frames]]>
    </failure>
  </testcase> <!-- @BeforeClass browserSetup -->
  <testcase classname="org.QAfoxprojectGenericUtility.BaseConfiguration" name="@BeforeMethod login" time="-1.737550993246E9">
    <skipped/>
  </testcase> <!-- @BeforeMethod login -->
  <testcase classname="org.QAfoxprojectGenericUtility.BaseConfiguration" name="@AfterMethod logout" time="-1.73755099326E9">
    <skipped/>
  </testcase> <!-- @AfterMethod logout -->
  <testcase classname="org.QAfoxprojectGenericUtility.BaseConfiguration" name="@AfterClass browserTerminate" time="-1.737550993267E9">
    <skipped/>
  </testcase> <!-- @AfterClass browserTerminate -->
  <testcase classname="org.QAfoxprojectGenericUtility.BaseConfiguration" name="@BeforeClass browserSetup" time="0.001">
    <failure type="java.lang.Error" message="Unresolved compilation problems: 
	The import java.io.FileInputStream cannot be resolved
	FileInputStream cannot be resolved to a type
	FileInputStream cannot be resolved to a type
	FileInputStream cannot be resolved to a type
	FileInputStream cannot be resolved to a type
">
      <![CDATA[java.lang.Error: Unresolved compilation problems: 
The import java.io.FileInputStream cannot be resolved
FileInputStream cannot be resolved to a type
FileInputStream cannot be resolved to a type
FileInputStream cannot be resolved to a type
FileInputStream cannot be resolved to a type

at org.QAfoxprojectGenericUtility.ExcelFileLibrary.<init>(ExcelFileLibrary.java:4)
at org.QAfoxprojectGenericUtility.BaseConfiguration.initobjects(BaseConfiguration.java:188)
at org.QAfoxprojectGenericUtility.BaseConfiguration.browserSetup(BaseConfiguration.java:54)
at java.base/java.util.ArrayList.forEach(ArrayList.java:1597)
... Removed 23 stack frames]]>
    </failure>
  </testcase> <!-- @BeforeClass browserSetup -->
  <testcase classname="org.QAfoxprojectGenericUtility.BaseConfiguration" name="@BeforeMethod login" time="-1.737550993287E9">
    <skipped/>
  </testcase> <!-- @BeforeMethod login -->
  <testcase classname="org.QAfoxprojectGenericUtility.BaseConfiguration" name="@AfterMethod logout" time="-1.737550993297E9">
    <skipped/>
  </testcase> <!-- @AfterMethod logout -->
  <testcase classname="org.QAfoxprojectGenericUtility.BaseConfiguration" name="@BeforeMethod login" time="-1.737550993299E9">
    <skipped/>
  </testcase> <!-- @BeforeMethod login -->
  <testcase classname="org.QAfoxprojectGenericUtility.BaseConfiguration" name="@AfterMethod logout" time="-1.737550993304E9">
    <skipped/>
  </testcase> <!-- @AfterMethod logout -->
  <testcase classname="org.QAfoxprojectGenericUtility.BaseConfiguration" name="@AfterClass browserTerminate" time="-1.737550993307E9">
    <skipped/>
  </testcase> <!-- @AfterClass browserTerminate -->
  <testcase classname="org.QAfoxproject.Desktops.Desktops_Mac_Test" name="addProduct_Desktops_Mac_Test" time="0.0">
    <skipped/>
  </testcase> <!-- addProduct_Desktops_Mac_Test -->
  <testcase classname="Demo_ShoppingCart.Demo_Shopping_Cart_Test" name="addQuantity" time="0.0">
    <skipped/>
  </testcase> <!-- addQuantity -->
  <testcase classname="Demo_ShoppingCart.Demo_Shopping_Cart_Test" name="discountCode" time="0.0">
    <skipped/>
  </testcase> <!-- discountCode -->
  <testcase classname="org.QAfoxprojectGenericUtility.BaseConfiguration" name="@AfterSuite terminationConnection" time="0.0">
    <ignored/>
  </testcase> <!-- @AfterSuite terminationConnection -->
  <testcase classname="org.QAfoxprojectGenericUtility.BaseConfiguration" name="@BeforeSuite getReportConnection" time="0.0">
    <ignored/>
  </testcase> <!-- @BeforeSuite getReportConnection -->
  <testcase classname="org.QAfoxprojectGenericUtility.BaseConfiguration" name="@BeforeTest getTestRunnerConnection" time="0.0">
    <ignored/>
  </testcase> <!-- @BeforeTest getTestRunnerConnection -->
</testsuite> <!-- Chrome_Test -->
